2025-11-04 06:13:35,324 - INFO - Starting ETL Pipeline...
2025-11-04 06:13:35,325 - INFO - Loading data from d:\agri_project\data\raw\icrisat_district_data.csv
2025-11-04 06:13:35,490 - INFO - Loaded 16146 rows and 80 columns
2025-11-04 06:13:35,491 - INFO - Standardizing column names...
2025-11-04 06:13:35,507 - INFO - Column standardization complete
2025-11-04 06:13:35,507 - INFO - Handling missing values...
2025-11-04 06:13:35,575 - INFO - Handled 0 missing values
2025-11-04 06:13:35,575 - INFO - Removing duplicates...
2025-11-04 06:13:35,732 - INFO - Removed 0 duplicate rows
2025-11-04 06:13:35,733 - INFO - Validating data types...
2025-11-04 06:13:35,770 - INFO - Data type validation complete
2025-11-04 06:13:35,770 - INFO - Adding derived columns...
2025-11-04 06:13:35,775 - INFO - Derived columns added
2025-11-04 06:13:35,775 - INFO - Filtering invalid records...
2025-11-04 06:13:35,804 - INFO - Removed 0 invalid records
2025-11-04 06:13:35,804 - INFO - Finalizing cleaned dataset...
2025-11-04 06:13:35,809 - INFO - Data cleaning complete!
2025-11-04 06:13:36,938 - INFO - Cleaned data saved to d:\agri_project\data\processed\agri_data_cleaned.csv
2025-11-04 06:13:36,939 - INFO - Cleaning report saved to d:\agri_project\data\processed\cleaning_report.txt
2025-11-04 06:13:36,940 - INFO - ETL Pipeline completed successfully!
2025-11-04 16:32:19,853 - INFO - Starting ETL Pipeline...
2025-11-04 16:32:19,853 - INFO - Loading data from d:\agri_project\data\raw\icrisat_district_data.csv
2025-11-04 16:32:19,957 - INFO - Loaded 16146 rows and 80 columns
2025-11-04 16:32:19,957 - INFO - Standardizing column names...
2025-11-04 16:32:19,974 - INFO - Column standardization complete
2025-11-04 16:32:19,975 - INFO - Handling missing values...
2025-11-04 16:32:20,016 - INFO - Handled 0 missing values
2025-11-04 16:32:20,017 - INFO - Removing duplicates...
2025-11-04 16:32:20,126 - INFO - Removed 0 duplicate rows
2025-11-04 16:32:20,127 - INFO - Validating data types...
2025-11-04 16:32:20,151 - INFO - Data type validation complete
2025-11-04 16:32:20,152 - INFO - Adding derived columns...
2025-11-04 16:32:20,154 - INFO - Derived columns added
2025-11-04 16:32:20,155 - INFO - Filtering invalid records...
2025-11-04 16:32:20,185 - INFO - Removed 0 invalid records
2025-11-04 16:32:20,185 - INFO - Finalizing cleaned dataset...
2025-11-04 16:32:20,189 - INFO - Data cleaning complete!
2025-11-04 16:32:20,833 - INFO - Cleaned data saved to d:\agri_project\data\processed\agri_data_cleaned.csv
2025-11-04 16:32:20,834 - INFO - Cleaning report saved to d:\agri_project\data\processed\cleaning_report.txt
2025-11-04 16:32:20,834 - INFO - ETL Pipeline completed successfully!
