2025-11-03 15:29:03,953 - INFO - Starting ETL Pipeline...
2025-11-03 15:29:03,954 - INFO - Loading data from data/raw/icrisat_district_data.csv
2025-11-03 19:02:54,812 - INFO - Starting ETL Pipeline...
2025-11-03 19:02:54,812 - INFO - Loading data from D:\agri_project\data\raw\icrisat_district_data.csv
2025-11-03 19:02:54,956 - INFO - Loaded 16146 rows and 80 columns
2025-11-03 19:02:54,956 - INFO - Standardizing column names...
2025-11-03 19:02:54,973 - INFO - Column standardization complete
2025-11-03 19:02:54,974 - INFO - Handling missing values...
2025-11-03 19:02:55,033 - INFO - Handled 0 missing values
2025-11-03 19:02:55,034 - INFO - Removing duplicates...
2025-11-03 19:02:55,161 - INFO - Removed 0 duplicate rows
2025-11-03 19:02:55,161 - INFO - Validating data types...
2025-11-03 19:02:55,189 - INFO - Data type validation complete
2025-11-03 19:02:55,189 - INFO - Adding derived columns...
2025-11-03 19:02:55,192 - INFO - Derived columns added
2025-11-03 19:02:55,193 - INFO - Filtering invalid records...
2025-11-03 19:02:55,226 - INFO - Removed 0 invalid records
2025-11-03 19:02:55,226 - INFO - Finalizing cleaned dataset...
2025-11-03 19:02:55,231 - INFO - Data cleaning complete!
2025-11-03 19:02:56,336 - INFO - Cleaned data saved to D:\agri_project\data\processed\agri_data_cleaned.csv
2025-11-03 19:02:56,337 - INFO - Cleaning report saved to D:\agri_project\data\processed\cleaning_report.txt
2025-11-03 19:02:56,337 - INFO - ETL Pipeline completed successfully!
2025-11-06 10:55:40,424 - INFO - Starting ETL Pipeline...
2025-11-06 10:55:40,438 - INFO - Loading data from E:\karthika ppt\agri_project\data\raw\icrisat_district_data.csv
2025-11-06 10:55:40,914 - INFO - Loaded 16146 rows and 80 columns
2025-11-06 10:55:40,914 - INFO - Standardizing column names...
2025-11-06 10:55:40,946 - INFO - Column standardization complete
2025-11-06 10:55:40,946 - INFO - Handling missing values...
2025-11-06 10:55:41,042 - INFO - Handled 0 missing values
2025-11-06 10:55:41,042 - INFO - Removing duplicates...
2025-11-06 10:55:41,226 - INFO - Removed 0 duplicate rows
2025-11-06 10:55:41,226 - INFO - Validating data types...
2025-11-06 10:55:41,287 - INFO - Data type validation complete
2025-11-06 10:55:41,288 - INFO - Adding derived columns...
2025-11-06 10:55:41,308 - INFO - Derived columns added
2025-11-06 10:55:41,309 - INFO - Filtering invalid records...
2025-11-06 10:55:41,375 - INFO - Removed 0 invalid records
2025-11-06 10:55:41,376 - INFO - Finalizing cleaned dataset...
2025-11-06 10:55:41,445 - INFO - Data cleaning complete!
2025-11-06 10:55:42,318 - INFO - Cleaned data saved to E:\karthika ppt\agri_project\data\processed\agri_data_cleaned.csv
2025-11-06 10:55:42,319 - INFO - Cleaning report saved to E:\karthika ppt\agri_project\data\processed\cleaning_report.txt
2025-11-06 10:55:42,319 - INFO - ETL Pipeline completed successfully!
